# JRE version: OpenJDK Runtime Environment (8.0_242-b01) (build 1.8.0_242-release-1644-b01)
# Java VM: OpenJDK 64-Bit Server VM (25.242-b01 mixed mode windows-amd64 compressed oops)
Heap:
 PSYoungGen      total 633856K, used 61693K [0x00000000d5580000, 0x0000000100000000, 0x0000000100000000)
  eden space 568832K, 10% used [0x00000000d5580000,0x00000000d91bf560,0x00000000f8100000)
  from space 65024K, 0% used [0x00000000f8100000,0x00000000f8100000,0x00000000fc080000)
  to   space 61440K, 0% used [0x00000000fc400000,0x00000000fc400000,0x0000000100000000)
 ParOldGen       total 302592K, used 59054K [0x0000000080000000, 0x0000000092780000, 0x00000000d5580000)
  object space 302592K, 19% used [0x0000000080000000,0x00000000839ab880,0x0000000092780000)
 Metaspace       used 108663K, capacity 113700K, committed 118488K, reserved 1153024K
  class space    used 13943K, capacity 14933K, committed 15872K, reserved 1048576K
GC Heap History (10 events):
Event: 6947.238 GC heap before
{Heap before GC invocations=38 (full 4):
 PSYoungGen      total 519680K, used 467440K [0x00000000d5580000, 0x00000000fce00000, 0x0000000100000000)
  eden space 460288K, 100% used [0x00000000d5580000,0x00000000f1700000,0x00000000f1700000)
  from space 59392K, 12% used [0x00000000f1700000,0x00000000f1dfc1b0,0x00000000f5100000)
  to   space 57344K, 0% used [0x00000000f9600000,0x00000000f9600000,0x00000000fce00000)
 ParOldGen       total 302592K, used 203722K [0x0000000080000000, 0x0000000092780000, 0x00000000d5580000)
  object space 302592K, 67% used [0x0000000080000000,0x000000008c6f2ad0,0x0000000092780000)
 Metaspace       used 108476K, capacity 114112K, committed 114264K, reserved 1148928K
  class space    used 14046K, capacity 15120K, committed 15232K, reserved 1048576K
Event: 6947.255 GC heap after
Heap after GC invocations=38 (full 4):
 PSYoungGen      total 583168K, used 5888K [0x00000000d5580000, 0x00000000fc880000, 0x0000000100000000)
  eden space 531456K, 0% used [0x00000000d5580000,0x00000000d5580000,0x00000000f5c80000)
  from space 51712K, 11% used [0x00000000f9600000,0x00000000f9bc0000,0x00000000fc880000)
  to   space 55296K, 0% used [0x00000000f5c80000,0x00000000f5c80000,0x00000000f9280000)
 ParOldGen       total 302592K, used 207991K [0x0000000080000000, 0x0000000092780000, 0x00000000d5580000)
  object space 302592K, 68% used [0x0000000080000000,0x000000008cb1dcf0,0x0000000092780000)
 Metaspace       used 108476K, capacity 114112K, committed 114264K, reserved 1148928K
  class space    used 14046K, capacity 15120K, committed 15232K, reserved 1048576K
}
Event: 6948.042 GC heap before
{Heap before GC invocations=39 (full 4):
 PSYoungGen      total 583168K, used 537344K [0x00000000d5580000, 0x00000000fc880000, 0x0000000100000000)
  eden space 531456K, 100% used [0x00000000d5580000,0x00000000f5c80000,0x00000000f5c80000)
  from space 51712K, 11% used [0x00000000f9600000,0x00000000f9bc0000,0x00000000fc880000)
  to   space 55296K, 0% used [0x00000000f5c80000,0x00000000f5c80000,0x00000000f9280000)
 ParOldGen       total 302592K, used 207991K [0x0000000080000000, 0x0000000092780000, 0x00000000d5580000)
  object space 302592K, 68% used [0x0000000080000000,0x000000008cb1dcf0,0x0000000092780000)
 Metaspace       used 108503K, capacity 114112K, committed 114264K, reserved 1148928K
  class space    used 14046K, capacity 15120K, committed 15232K, reserved 1048576K
Event: 6948.064 GC heap after
Heap after GC invocations=39 (full 4):
 PSYoungGen      total 586752K, used 6678K [0x00000000d5580000, 0x00000000fff80000, 0x0000000100000000)
  eden space 531456K, 0% used [0x00000000d5580000,0x00000000d5580000,0x00000000f5c80000)
  from space 55296K, 12% used [0x00000000f5c80000,0x00000000f6305820,0x00000000f9280000)
  to   space 53248K, 0% used [0x00000000fcb80000,0x00000000fcb80000,0x00000000fff80000)
 ParOldGen       total 302592K, used 211534K [0x0000000080000000, 0x0000000092780000, 0x00000000d5580000)
  object space 302592K, 69% used [0x0000000080000000,0x000000008ce93a10,0x0000000092780000)
 Metaspace       used 108503K, capacity 114112K, committed 114264K, reserved 1148928K
  class space    used 14046K, capacity 15120K, committed 15232K, reserved 1048576K
}
Event: 6951.175 GC heap before
{Heap before GC invocations=40 (full 4):
 PSYoungGen      total 586752K, used 538134K [0x00000000d5580000, 0x00000000fff80000, 0x0000000100000000)
  eden space 531456K, 100% used [0x00000000d5580000,0x00000000f5c80000,0x00000000f5c80000)
  from space 55296K, 12% used [0x00000000f5c80000,0x00000000f6305820,0x00000000f9280000)
  to   space 53248K, 0% used [0x00000000fcb80000,0x00000000fcb80000,0x00000000fff80000)
 ParOldGen       total 302592K, used 211534K [0x0000000080000000, 0x0000000092780000, 0x00000000d5580000)
  object space 302592K, 69% used [0x0000000080000000,0x000000008ce93a10,0x0000000092780000)
 Metaspace       used 109245K, capacity 115052K, committed 115416K, reserved 1148928K
  class space    used 14133K, capacity 15224K, committed 15360K, reserved 1048576K
Event: 6951.247 GC heap after
Heap after GC invocations=40 (full 4):
 PSYoungGen      total 622080K, used 53246K [0x00000000d5580000, 0x0000000100000000, 0x0000000100000000)
  eden space 568832K, 0% used [0x00000000d5580000,0x00000000d5580000,0x00000000f8100000)
  from space 53248K, 99% used [0x00000000fcb80000,0x00000000fff7f960,0x00000000fff80000)
  to   space 65024K, 0% used [0x00000000f8100000,0x00000000f8100000,0x00000000fc080000)
 ParOldGen       total 302592K, used 216249K [0x0000000080000000, 0x0000000092780000, 0x00000000d5580000)
  object space 302592K, 71% used [0x0000000080000000,0x000000008d32e648,0x0000000092780000)
 Metaspace       used 109245K, capacity 115052K, committed 115416K, reserved 1148928K
  class space    used 14133K, capacity 15224K, committed 15360K, reserved 1048576K
}
Event: 7739.818 GC heap before
{Heap before GC invocations=41 (full 4):
 PSYoungGen      total 622080K, used 306232K [0x00000000d5580000, 0x0000000100000000, 0x0000000100000000)
  eden space 568832K, 44% used [0x00000000d5580000,0x00000000e4c8e6b8,0x00000000f8100000)
  from space 53248K, 99% used [0x00000000fcb80000,0x00000000fff7f960,0x00000000fff80000)
  to   space 65024K, 0% used [0x00000000f8100000,0x00000000f8100000,0x00000000fc080000)
 ParOldGen       total 302592K, used 216249K [0x0000000080000000, 0x0000000092780000, 0x00000000d5580000)
  object space 302592K, 71% used [0x0000000080000000,0x000000008d32e648,0x0000000092780000)
 Metaspace       used 111568K, capacity 118146K, committed 118488K, reserved 1153024K
  class space    used 14488K, capacity 15709K, committed 15872K, reserved 1048576K
Event: 7739.840 GC heap after
Heap after GC invocations=41 (full 4):
 PSYoungGen      total 633856K, used 14683K [0x00000000d5580000, 0x0000000100000000, 0x0000000100000000)
  eden space 568832K, 0% used [0x00000000d5580000,0x00000000d5580000,0x00000000f8100000)
  from space 65024K, 22% used [0x00000000f8100000,0x00000000f8f56d00,0x00000000fc080000)
  to   space 61440K, 0% used [0x00000000fc400000,0x00000000fc400000,0x0000000100000000)
 ParOldGen       total 302592K, used 217625K [0x0000000080000000, 0x0000000092780000, 0x00000000d5580000)
  object space 302592K, 71% used [0x0000000080000000,0x000000008d4866a8,0x0000000092780000)
 Metaspace       used 111568K, capacity 118146K, committed 118488K, reserved 1153024K
  class space    used 14488K, capacity 15709K, committed 15872K, reserved 1048576K
}
Event: 7739.840 GC heap before
{Heap before GC invocations=42 (full 5):
 PSYoungGen      total 633856K, used 14683K [0x00000000d5580000, 0x0000000100000000, 0x0000000100000000)
  eden space 568832K, 0% used [0x00000000d5580000,0x00000000d5580000,0x00000000f8100000)
  from space 65024K, 22% used [0x00000000f8100000,0x00000000f8f56d00,0x00000000fc080000)
  to   space 61440K, 0% used [0x00000000fc400000,0x00000000fc400000,0x0000000100000000)
 ParOldGen       total 302592K, used 217625K [0x0000000080000000, 0x0000000092780000, 0x00000000d5580000)
  object space 302592K, 71% used [0x0000000080000000,0x000000008d4866a8,0x0000000092780000)
 Metaspace       used 111568K, capacity 118146K, committed 118488K, reserved 1153024K
  class space    used 14488K, capacity 15709K, committed 15872K, reserved 1048576K
Event: 7740.360 GC heap after
Heap after GC invocations=42 (full 5):
 PSYoungGen      total 633856K, used 0K [0x00000000d5580000, 0x0000000100000000, 0x0000000100000000)
  eden space 568832K, 0% used [0x00000000d5580000,0x00000000d5580000,0x00000000f8100000)
  from space 65024K, 0% used [0x00000000f8100000,0x00000000f8100000,0x00000000fc080000)
  to   space 61440K, 0% used [0x00000000fc400000,0x00000000fc400000,0x0000000100000000)
 ParOldGen       total 302592K, used 59054K [0x0000000080000000, 0x0000000092780000, 0x00000000d5580000)
  object space 302592K, 19% used [0x0000000080000000,0x00000000839ab880,0x0000000092780000)
 Metaspace       used 108570K, capacity 113618K, committed 118488K, reserved 1153024K
  class space    used 13936K, capacity 14920K, committed 15872K, reserved 1048576K
}

